<?xml version="1.0" encoding="UTF-8"?>
<testng-results skipped="0" failed="0" ignored="0" total="1" passed="1">
  <reporter-output>
  </reporter-output>
  <suite name="Suite" duration-ms="9318" started-at="2017-07-16T07:31:40Z" finished-at="2017-07-16T07:31:50Z">
    <groups>
    </groups>
    <test name="Test" duration-ms="9318" started-at="2017-07-16T07:31:40Z" finished-at="2017-07-16T07:31:50Z">
      <class name="Test.homePageTest">
        <test-method status="PASS" signature="loadData()[pri:0, instance:Test.homePageTest@180bc464]" name="loadData" is-config="true" duration-ms="10" started-at="2017-07-16T13:01:40Z" finished-at="2017-07-16T13:01:40Z">
          <reporter-output>
          </reporter-output>
        </test-method> <!-- loadData -->
        <test-method status="PASS" signature="chooseBrowser()[pri:0, instance:Test.homePageTest@180bc464]" name="chooseBrowser" is-config="true" duration-ms="5641" started-at="2017-07-16T13:01:40Z" finished-at="2017-07-16T13:01:46Z">
          <reporter-output>
          </reporter-output>
        </test-method> <!-- chooseBrowser -->
        <test-method status="PASS" signature="login()[pri:0, instance:Test.homePageTest@180bc464]" name="login" duration-ms="2315" started-at="2017-07-16T13:01:46Z" finished-at="2017-07-16T13:01:48Z">
          <reporter-output>
          </reporter-output>
        </test-method> <!-- login -->
        <test-method status="PASS" signature="closeBrowser()[pri:0, instance:Test.homePageTest@180bc464]" name="closeBrowser" is-config="true" duration-ms="1335" started-at="2017-07-16T13:01:48Z" finished-at="2017-07-16T13:01:50Z">
          <reporter-output>
          </reporter-output>
        </test-method> <!-- closeBrowser -->
      </class> <!-- Test.homePageTest -->
    </test> <!-- Test -->
  </suite> <!-- Suite -->
</testng-results>
