<?xml version="1.0" encoding="UTF-8"?>
<testng-results skipped="0" failed="0" total="1" passed="1">
  <reporter-output>
  </reporter-output>
  <suite name="Default suite" duration-ms="11738" started-at="2017-07-15T06:23:24Z" finished-at="2017-07-15T06:23:35Z">
    <groups>
    </groups>
    <test name="Default test" duration-ms="11738" started-at="2017-07-15T06:23:24Z" finished-at="2017-07-15T06:23:35Z">
      <class name="Test.homePageTest">
        <test-method status="PASS" signature="loadData()[pri:0, instance:Test.homePageTest@5ae9a829]" name="loadData" is-config="true" duration-ms="21" started-at="2017-07-15T11:53:24Z" finished-at="2017-07-15T11:53:24Z">
          <reporter-output>
          </reporter-output>
        </test-method> <!-- loadData -->
        <test-method status="PASS" signature="chooseBrowser()[pri:0, instance:Test.homePageTest@5ae9a829]" name="chooseBrowser" is-config="true" duration-ms="7863" started-at="2017-07-15T11:53:24Z" finished-at="2017-07-15T11:53:31Z">
          <reporter-output>
          </reporter-output>
        </test-method> <!-- chooseBrowser -->
        <test-method status="PASS" signature="login()[pri:0, instance:Test.homePageTest@5ae9a829]" name="login" duration-ms="2446" started-at="2017-07-15T11:53:31Z" finished-at="2017-07-15T11:53:34Z">
          <reporter-output>
          </reporter-output>
        </test-method> <!-- login -->
        <test-method status="PASS" signature="closeBrowser()[pri:0, instance:Test.homePageTest@5ae9a829]" name="closeBrowser" is-config="true" duration-ms="1383" started-at="2017-07-15T11:53:34Z" finished-at="2017-07-15T11:53:35Z">
          <reporter-output>
          </reporter-output>
        </test-method> <!-- closeBrowser -->
      </class> <!-- Test.homePageTest -->
    </test> <!-- Default test -->
  </suite> <!-- Default suite -->
</testng-results>
